This file contains any messages produced by compilers while
running configure, to aid debugging if configure makes a mistake.

It was created by irsim configure 2021.0, which was
generated by GNU Autoconf 2.69.  Invocation command line was

  $ ./configure 

## --------- ##
## Platform. ##
## --------- ##

hostname = pop-os
uname -m = x86_64
uname -r = 5.16.11-76051611-generic
uname -s = Linux
uname -v = #202202230823~1646248261~21.10~2b22243 SMP PREEMPT Wed Mar 2 20:

/usr/bin/uname -p = x86_64
/bin/uname -X     = unknown

/bin/arch              = x86_64
/usr/bin/arch -k       = unknown
/usr/convex/getsysinfo = unknown
/usr/bin/hostinfo      = unknown
/bin/machine           = unknown
/usr/bin/oslevel       = unknown
/bin/universe          = unknown

PATH: /usr/local/sbin
PATH: /usr/local/bin
PATH: /usr/sbin
PATH: /usr/bin
PATH: /sbin
PATH: /bin
PATH: /usr/games
PATH: /usr/local/games
PATH: /snap/bin


## ----------- ##
## Core tests. ##
## ----------- ##

configure:1905: checking for a BSD-compatible install
configure:1973: result: /usr/bin/install -c
configure:1984: checking whether build environment is sane
configure:2039: result: yes
configure:2185: checking for a thread-safe mkdir -p
configure:2224: result: /usr/bin/mkdir -p
configure:2231: checking for gawk
configure:2261: result: no
configure:2231: checking for mawk
configure:2247: found /usr/bin/mawk
configure:2258: result: mawk
configure:2269: checking whether make sets $(MAKE)
configure:2291: result: yes
configure:2320: checking whether make supports nested variables
configure:2337: result: yes
configure:2532: checking for gcc
configure:2548: found /usr/bin/gcc
configure:2559: result: gcc
configure:2788: checking for C compiler version
configure:2797: gcc --version >&5
gcc (Ubuntu 11.2.0-7ubuntu2) 11.2.0
Copyright (C) 2021 Free Software Foundation, Inc.
This is free software; see the source for copying conditions.  There is NO
warranty; not even for MERCHANTABILITY or FITNESS FOR A PARTICULAR PURPOSE.

configure:2808: $? = 0
configure:2797: gcc -v >&5
Using built-in specs.
COLLECT_GCC=gcc
COLLECT_LTO_WRAPPER=/usr/lib/gcc/x86_64-linux-gnu/11/lto-wrapper
OFFLOAD_TARGET_NAMES=nvptx-none:amdgcn-amdhsa
OFFLOAD_TARGET_DEFAULT=1
Target: x86_64-linux-gnu
Configured with: ../src/configure -v --with-pkgversion='Ubuntu 11.2.0-7ubuntu2' --with-bugurl=file:///usr/share/doc/gcc-11/README.Bugs --enable-languages=c,ada,c++,go,brig,d,fortran,objc,obj-c++,m2 --prefix=/usr --with-gcc-major-version-only --program-suffix=-11 --program-prefix=x86_64-linux-gnu- --enable-shared --enable-linker-build-id --libexecdir=/usr/lib --without-included-gettext --enable-threads=posix --libdir=/usr/lib --enable-nls --enable-bootstrap --enable-clocale=gnu --enable-libstdcxx-debug --enable-libstdcxx-time=yes --with-default-libstdcxx-abi=new --enable-gnu-unique-object --disable-vtable-verify --enable-plugin --enable-default-pie --with-system-zlib --enable-libphobos-checking=release --with-target-system-zlib=auto --enable-objc-gc=auto --enable-multiarch --disable-werror --enable-cet --with-arch-32=i686 --with-abi=m64 --with-multilib-list=m32,m64,mx32 --enable-multilib --with-tune=generic --enable-offload-targets=nvptx-none=/build/gcc-11-ZPT0kp/gcc-11-11.2.0/debian/tmp-nvptx/usr,amdgcn-amdhsa=/build/gcc-11-ZPT0kp/gcc-11-11.2.0/debian/tmp-gcn/usr --without-cuda-driver --enable-checking=release --build=x86_64-linux-gnu --host=x86_64-linux-gnu --target=x86_64-linux-gnu --with-build-config=bootstrap-lto-lean --enable-link-serialization=2
Thread model: posix
Supported LTO compression algorithms: zlib zstd
gcc version 11.2.0 (Ubuntu 11.2.0-7ubuntu2) 
... rest of stderr output deleted ...
configure:2808: $? = 0
configure:2797: gcc -V >&5
gcc: error: unrecognized command-line option '-V'
gcc: fatal error: no input files
compilation terminated.
configure:2808: $? = 1
configure:2797: gcc -qversion >&5
gcc: error: unrecognized command-line option '-qversion'; did you mean '--version'?
gcc: fatal error: no input files
compilation terminated.
configure:2808: $? = 1
configure:2828: checking whether the C compiler works
configure:2850: gcc    conftest.c  >&5
configure:2854: $? = 0
configure:2902: result: yes
configure:2905: checking for C compiler default output file name
configure:2907: result: a.out
configure:2913: checking for suffix of executables
configure:2920: gcc -o conftest    conftest.c  >&5
configure:2924: $? = 0
configure:2946: result: 
configure:2968: checking whether we are cross compiling
configure:2976: gcc -o conftest    conftest.c  >&5
configure:2980: $? = 0
configure:2987: ./conftest
configure:2991: $? = 0
configure:3006: result: no
configure:3011: checking for suffix of object files
configure:3033: gcc -c   conftest.c >&5
configure:3037: $? = 0
configure:3058: result: o
configure:3062: checking whether we are using the GNU C compiler
configure:3081: gcc -c   conftest.c >&5
configure:3081: $? = 0
configure:3090: result: yes
configure:3099: checking whether gcc accepts -g
configure:3119: gcc -c -g  conftest.c >&5
configure:3119: $? = 0
configure:3160: result: yes
configure:3177: checking for gcc option to accept ISO C89
configure:3240: gcc  -c -g -O2  conftest.c >&5
configure:3240: $? = 0
configure:3253: result: none needed
configure:3278: checking whether gcc understands -c and -o together
configure:3300: gcc -c conftest.c -o conftest2.o
configure:3303: $? = 0
configure:3300: gcc -c conftest.c -o conftest2.o
configure:3303: $? = 0
configure:3315: result: yes
configure:3335: checking whether make supports the include directive
configure:3350: make -f confmf.GNU && cat confinc.out
this is the am__doit target
configure:3353: $? = 0
configure:3372: result: yes (GNU style)
configure:3397: checking dependency style of gcc
configure:3508: result: gcc3
configure:3581: checking for g++
configure:3597: found /usr/bin/g++
configure:3608: result: g++
configure:3635: checking for C++ compiler version
configure:3644: g++ --version >&5
g++ (Ubuntu 11.2.0-7ubuntu2) 11.2.0
Copyright (C) 2021 Free Software Foundation, Inc.
This is free software; see the source for copying conditions.  There is NO
warranty; not even for MERCHANTABILITY or FITNESS FOR A PARTICULAR PURPOSE.

configure:3655: $? = 0
configure:3644: g++ -v >&5
Using built-in specs.
COLLECT_GCC=g++
COLLECT_LTO_WRAPPER=/usr/lib/gcc/x86_64-linux-gnu/11/lto-wrapper
OFFLOAD_TARGET_NAMES=nvptx-none:amdgcn-amdhsa
OFFLOAD_TARGET_DEFAULT=1
Target: x86_64-linux-gnu
Configured with: ../src/configure -v --with-pkgversion='Ubuntu 11.2.0-7ubuntu2' --with-bugurl=file:///usr/share/doc/gcc-11/README.Bugs --enable-languages=c,ada,c++,go,brig,d,fortran,objc,obj-c++,m2 --prefix=/usr --with-gcc-major-version-only --program-suffix=-11 --program-prefix=x86_64-linux-gnu- --enable-shared --enable-linker-build-id --libexecdir=/usr/lib --without-included-gettext --enable-threads=posix --libdir=/usr/lib --enable-nls --enable-bootstrap --enable-clocale=gnu --enable-libstdcxx-debug --enable-libstdcxx-time=yes --with-default-libstdcxx-abi=new --enable-gnu-unique-object --disable-vtable-verify --enable-plugin --enable-default-pie --with-system-zlib --enable-libphobos-checking=release --with-target-system-zlib=auto --enable-objc-gc=auto --enable-multiarch --disable-werror --enable-cet --with-arch-32=i686 --with-abi=m64 --with-multilib-list=m32,m64,mx32 --enable-multilib --with-tune=generic --enable-offload-targets=nvptx-none=/build/gcc-11-ZPT0kp/gcc-11-11.2.0/debian/tmp-nvptx/usr,amdgcn-amdhsa=/build/gcc-11-ZPT0kp/gcc-11-11.2.0/debian/tmp-gcn/usr --without-cuda-driver --enable-checking=release --build=x86_64-linux-gnu --host=x86_64-linux-gnu --target=x86_64-linux-gnu --with-build-config=bootstrap-lto-lean --enable-link-serialization=2
Thread model: posix
Supported LTO compression algorithms: zlib zstd
gcc version 11.2.0 (Ubuntu 11.2.0-7ubuntu2) 
... rest of stderr output deleted ...
configure:3655: $? = 0
configure:3644: g++ -V >&5
g++: error: unrecognized command-line option '-V'
g++: fatal error: no input files
compilation terminated.
configure:3655: $? = 1
configure:3644: g++ -qversion >&5
g++: error: unrecognized command-line option '-qversion'; did you mean '--version'?
g++: fatal error: no input files
compilation terminated.
configure:3655: $? = 1
configure:3659: checking whether we are using the GNU C++ compiler
configure:3678: g++ -c   conftest.cpp >&5
configure:3678: $? = 0
configure:3687: result: yes
configure:3696: checking whether g++ accepts -g
configure:3716: g++ -c -g  conftest.cpp >&5
configure:3716: $? = 0
configure:3757: result: yes
configure:3782: checking dependency style of g++
configure:3893: result: gcc3
configure:3952: checking for ranlib
configure:3968: found /usr/bin/ranlib
configure:3979: result: ranlib
configure:4148: checking that generated files are newer than configure
configure:4154: result: done
configure:4181: creating ./config.status

## ---------------------- ##
## Running config.status. ##
## ---------------------- ##

This file was extended by irsim config.status 2021.0, which was
generated by GNU Autoconf 2.69.  Invocation command line was

  CONFIG_FILES    = 
  CONFIG_HEADERS  = 
  CONFIG_LINKS    = 
  CONFIG_COMMANDS = 
  $ ./config.status 

on pop-os

config.status:861: creating Makefile
config.status:861: creating objects/Makefile
config.status:861: creating sensors/Makefile
config.status:861: creating controllers/Makefile
config.status:861: creating collisions/Makefile
config.status:861: creating actuators/Makefile
config.status:861: creating arenas/Makefile
config.status:861: creating renders/Makefile
config.status:861: creating renders/drawstuff/Makefile
config.status:861: creating experiments/Makefile
config.status:861: creating populations/Makefile
config.status:861: creating fitnessfunctions/Makefile
config.status:861: creating config.h
config.status:1090: executing depfiles commands
config.status:1167: cd .       && sed -e '/# am--include-marker/d' Makefile         | make -f - am--depfiles
config.status:1172: $? = 0
config.status:1167: cd objects       && sed -e '/# am--include-marker/d' Makefile         | make -f - am--depfiles
config.status:1172: $? = 0
config.status:1167: cd sensors       && sed -e '/# am--include-marker/d' Makefile         | make -f - am--depfiles
config.status:1172: $? = 0
config.status:1167: cd controllers       && sed -e '/# am--include-marker/d' Makefile         | make -f - am--depfiles
config.status:1172: $? = 0
config.status:1167: cd collisions       && sed -e '/# am--include-marker/d' Makefile         | make -f - am--depfiles
config.status:1172: $? = 0
config.status:1167: cd actuators       && sed -e '/# am--include-marker/d' Makefile         | make -f - am--depfiles
config.status:1172: $? = 0
config.status:1167: cd arenas       && sed -e '/# am--include-marker/d' Makefile         | make -f - am--depfiles
config.status:1172: $? = 0
config.status:1167: cd renders       && sed -e '/# am--include-marker/d' Makefile         | make -f - am--depfiles
config.status:1172: $? = 0
config.status:1167: cd renders/drawstuff       && sed -e '/# am--include-marker/d' Makefile         | make -f - am--depfiles
config.status:1172: $? = 0
config.status:1167: cd experiments       && sed -e '/# am--include-marker/d' Makefile         | make -f - am--depfiles
config.status:1172: $? = 0
config.status:1167: cd populations       && sed -e '/# am--include-marker/d' Makefile         | make -f - am--depfiles
config.status:1172: $? = 0
config.status:1167: cd fitnessfunctions       && sed -e '/# am--include-marker/d' Makefile         | make -f - am--depfiles
config.status:1172: $? = 0

## ---------------- ##
## Cache variables. ##
## ---------------- ##

ac_cv_c_compiler_gnu=yes
ac_cv_cxx_compiler_gnu=yes
ac_cv_env_CCC_set=
ac_cv_env_CCC_value=
ac_cv_env_CC_set=
ac_cv_env_CC_value=
ac_cv_env_CFLAGS_set=
ac_cv_env_CFLAGS_value=
ac_cv_env_CPPFLAGS_set=
ac_cv_env_CPPFLAGS_value=
ac_cv_env_CXXFLAGS_set=
ac_cv_env_CXXFLAGS_value=
ac_cv_env_CXX_set=
ac_cv_env_CXX_value=
ac_cv_env_LDFLAGS_set=
ac_cv_env_LDFLAGS_value=
ac_cv_env_LIBS_set=
ac_cv_env_LIBS_value=
ac_cv_env_build_alias_set=
ac_cv_env_build_alias_value=
ac_cv_env_host_alias_set=
ac_cv_env_host_alias_value=
ac_cv_env_target_alias_set=
ac_cv_env_target_alias_value=
ac_cv_objext=o
ac_cv_path_install='/usr/bin/install -c'
ac_cv_path_mkdir=/usr/bin/mkdir
ac_cv_prog_AWK=mawk
ac_cv_prog_ac_ct_CC=gcc
ac_cv_prog_ac_ct_CXX=g++
ac_cv_prog_ac_ct_RANLIB=ranlib
ac_cv_prog_cc_c89=
ac_cv_prog_cc_g=yes
ac_cv_prog_cxx_g=yes
ac_cv_prog_make_make_set=yes
am_cv_CC_dependencies_compiler_type=gcc3
am_cv_CXX_dependencies_compiler_type=gcc3
am_cv_make_support_nested_variables=yes
am_cv_prog_cc_c_o=yes

## ----------------- ##
## Output variables. ##
## ----------------- ##

ACLOCAL='${SHELL} '\''/home/vinlorenz/Documents/IRIN/IRIN2122-G15/irsim2022/missing'\'' aclocal-1.16'
AMDEPBACKSLASH='\'
AMDEP_FALSE='#'
AMDEP_TRUE=''
AMTAR='$${TAR-tar}'
AM_BACKSLASH='\'
AM_DEFAULT_V='$(AM_DEFAULT_VERBOSITY)'
AM_DEFAULT_VERBOSITY='1'
AM_V='$(V)'
AUTOCONF='${SHELL} '\''/home/vinlorenz/Documents/IRIN/IRIN2122-G15/irsim2022/missing'\'' autoconf'
AUTOHEADER='${SHELL} '\''/home/vinlorenz/Documents/IRIN/IRIN2122-G15/irsim2022/missing'\'' autoheader'
AUTOMAKE='${SHELL} '\''/home/vinlorenz/Documents/IRIN/IRIN2122-G15/irsim2022/missing'\'' automake-1.16'
AWK='mawk'
CC='gcc'
CCDEPMODE='depmode=gcc3'
CFLAGS='-O3 '
CPPFLAGS=''
CSCOPE='cscope'
CTAGS='ctags'
CXX='g++'
CXXDEPMODE='depmode=gcc3'
CXXFLAGS='-O3 '
CYGPATH_W='echo'
DEFS='-DHAVE_CONFIG_H'
DEPDIR='.deps'
ECHO_C=''
ECHO_N='-n'
ECHO_T=''
ETAGS='etags'
EXEEXT=''
INSTALL_DATA='${INSTALL} -m 644'
INSTALL_PROGRAM='${INSTALL}'
INSTALL_SCRIPT='${INSTALL}'
INSTALL_STRIP_PROGRAM='$(install_sh) -c -s'
LDFLAGS=''
LIBOBJS=''
LIBS=''
LTLIBOBJS=''
MAKEINFO='${SHELL} '\''/home/vinlorenz/Documents/IRIN/IRIN2122-G15/irsim2022/missing'\'' makeinfo'
MKDIR_P='/usr/bin/mkdir -p'
OBJEXT='o'
PACKAGE='irsim'
PACKAGE_BUGREPORT=''
PACKAGE_NAME='irsim'
PACKAGE_STRING='irsim 2021.0'
PACKAGE_TARNAME='irsim'
PACKAGE_URL=''
PACKAGE_VERSION='2021.0'
PATH_SEPARATOR=':'
RANLIB='ranlib'
SET_MAKE=''
SHELL='/bin/bash'
STRIP=''
VERSION='2021.0'
ac_ct_CC='gcc'
ac_ct_CXX='g++'
am__EXEEXT_FALSE=''
am__EXEEXT_TRUE='#'
am__fastdepCC_FALSE='#'
am__fastdepCC_TRUE=''
am__fastdepCXX_FALSE='#'
am__fastdepCXX_TRUE=''
am__include='include'
am__isrc=''
am__leading_dot='.'
am__nodep='_no'
am__quote=''
am__tar='$${TAR-tar} chof - "$$tardir"'
am__untar='$${TAR-tar} xf -'
bindir='${exec_prefix}/bin'
build_alias=''
datadir='${datarootdir}'
datarootdir='${prefix}/share'
docdir='${datarootdir}/doc/${PACKAGE_TARNAME}'
dvidir='${docdir}'
exec_prefix='${prefix}'
host_alias=''
htmldir='${docdir}'
includedir='${prefix}/include'
infodir='${datarootdir}/info'
install_sh='${SHELL} /home/vinlorenz/Documents/IRIN/IRIN2122-G15/irsim2022/install-sh'
libdir='${exec_prefix}/lib'
libexecdir='${exec_prefix}/libexec'
localedir='${datarootdir}/locale'
localstatedir='${prefix}/var'
mandir='${datarootdir}/man'
mkdir_p='$(MKDIR_P)'
oldincludedir='/usr/include'
pdfdir='${docdir}'
prefix='/usr/local'
program_transform_name='s,x,x,'
psdir='${docdir}'
runstatedir='${localstatedir}/run'
sbindir='${exec_prefix}/sbin'
sharedstatedir='${prefix}/com'
sysconfdir='${prefix}/etc'
target_alias=''

## ----------- ##
## confdefs.h. ##
## ----------- ##

/* confdefs.h */
#define PACKAGE_NAME "irsim"
#define PACKAGE_TARNAME "irsim"
#define PACKAGE_VERSION "2021.0"
#define PACKAGE_STRING "irsim 2021.0"
#define PACKAGE_BUGREPORT ""
#define PACKAGE_URL ""
#define PACKAGE "irsim"
#define VERSION "2021.0"

configure: exit 0

## ---------------------- ##
## Running config.status. ##
## ---------------------- ##

This file was extended by irsim config.status 2021.0, which was
generated by GNU Autoconf 2.69.  Invocation command line was

  CONFIG_FILES    = 
  CONFIG_HEADERS  = 
  CONFIG_LINKS    = 
  CONFIG_COMMANDS = 
  $ ./config.status config.h

on pop-os

config.status:861: creating config.h
config.status:1042: config.h is unchanged
